{"C:\\Users\\admin\\Desktop\\renteasy\\client\\src\\components\\Footer.jsx": {"path":"C:\\Users\\admin\\Desktop\\renteasy\\client\\src\\components\\Footer.jsx","statementMap":{"0":{"start":{"line":7,"column":15},"end":{"line":39,"column":1}},"1":{"start":{"line":8,"column":2},"end":{"line":38,"column":4}}},"fnMap":{"0":{"name":"(anonymous_0)","decl":{"start":{"line":7,"column":15},"end":{"line":7,"column":16}},"loc":{"start":{"line":7,"column":21},"end":{"line":39,"column":1}},"line":7}},"branchMap":{},"s":{"0":1,"1":1},"f":{"0":1},"b":{},"_coverageSchema":"1a1c01bbd47fc00a2c39e90264f33305004495a9","hash":"b938f96226d79af7d1c638d8e4081b1641f395dd"}
}
